<?xml version='1.0' encoding='UTF-8'?>
<testsuite hostname="Johns-MacBook-Pro.local" name="com.realityengine.RealityEngineSpec" tests="19" errors="0" failures="0" skipped="0" time="0.178" timestamp="2026-03-31T07:33:04">
          <properties>
[...]
</properties>
          <testcase classname="com.realityengine.RealityEngineSpec" name="RealityVector should match with GTE comparator (both HIGH)" time="0.013">
                      
                    </testcase><testcase classname="com.realityengine.RealityEngineSpec" name="RealityVector should not match with GTE when input is LOW and value is HIGH" time="0.069">
                      
                    </testcase><testcase classname="com.realityengine.RealityEngineSpec" name="RealityVector should match with GTE when both are LOW" time="0.0">
                      
                    </testcase><testcase classname="com.realityengine.RealityEngineSpec" name="RealityVector should return dimension mismatch error for wrong input length" time="0.001">
                      
                    </testcase><testcase classname="com.realityengine.RealityEngineSpec" name="RealityVector should match with Equals comparator" time="0.0">
                      
                    </testcase><testcase classname="com.realityengine.RealityEngineSpec" name="RealityVector should match with Threshold comparator within tolerance" time="0.001">
                      
                    </testcase><testcase classname="com.realityengine.RealityEngineSpec" name="RealityVector should serialize and deserialize via toJson/fromJson" time="0.051">
                      
                    </testcase><testcase classname="com.realityengine.RealityEngineSpec" name="CriticalEventSequence should activate successors after transition (deferred)" time="0.005">
                      
                    </testcase><testcase classname="com.realityengine.RealityEngineSpec" name="CriticalEventSequence should validate correctly" time="0.001">
                      
                    </testcase><testcase classname="com.realityengine.RealityEngineSpec" name="OutputArbiter should produce output with PASSTHROUGH when any sequence has output" time="0.002">
                      
                    </testcase><testcase classname="com.realityengine.RealityEngineSpec" name="OutputArbiter should require ALL sequences with AND rule" time="0.0">
                      
                    </testcase><testcase classname="com.realityengine.RealityEngineSpec" name="OutputArbiter should succeed with AND when all sequences have output" time="0.0">
                      
                    </testcase><testcase classname="com.realityengine.RealityEngineSpec" name="Machine should process input and produce output via PASSTHROUGH arbiter" time="0.002">
                      
                    </testcase><testcase classname="com.realityengine.RealityEngineSpec" name="Machine should clone independently" time="0.003">
                      
                    </testcase><testcase classname="com.realityengine.RealityEngineSpec" name="PerceptualSpace should extract and merge machine input/output" time="0.003">
                      
                    </testcase><testcase classname="com.realityengine.RealityEngineSpec" name="PreceptionEngine should resolve machine input from universal space" time="0.001">
                      
                    </testcase><testcase classname="com.realityengine.RealityEngineSpec" name="MachineLoader should validate valid machine JSON" time="0.007">
                      
                    </testcase><testcase classname="com.realityengine.RealityEngineSpec" name="MachineLoader should load a machine from JSON and round-trip" time="0.019">
                      
                    </testcase><testcase classname="com.realityengine.RealityEngineSpec" name="RealityEngine (no VectorStore) should process universal input through machine with perceptual mapping" time="0.0">
                      
                    </testcase>
          <system-out><![CDATA[]]></system-out>
          <system-err><![CDATA[]]></system-err>
        </testsuite>